  [1m[35m (11.6ms)[0m  [1m[35mCREATE TABLE "schema_migrations" ("version" character varying NOT NULL PRIMARY KEY)[0m
  [1m[35m (6.3ms)[0m  [1m[35mCREATE TABLE "ar_internal_metadata" ("key" character varying NOT NULL PRIMARY KEY, "value" character varying, "created_at" timestamp NOT NULL, "updated_at" timestamp NOT NULL)[0m
  [1m[35m (0.4ms)[0m  [1m[34mSELECT pg_try_advisory_lock(3640574263162204935)[0m
  [1m[35m (1.0ms)[0m  [1m[34mSELECT "schema_migrations"."version" FROM "schema_migrations" ORDER BY "schema_migrations"."version" ASC[0m
Migrating to CreatePhysicians (20180215175247)
  [1m[35m (0.3ms)[0m  [1m[35mBEGIN[0m
  [1m[35m (7.3ms)[0m  [1m[35mCREATE TABLE "physicians" ("id" bigserial primary key, "name" character varying, "gender" character varying, "location" character varying, "specialisation" character varying, "summary" text, "created_at" timestamp NOT NULL, "updated_at" timestamp NOT NULL)[0m
  [1m[35mSQL (1.7ms)[0m  [1m[32mINSERT INTO "schema_migrations" ("version") VALUES ($1) RETURNING "version"[0m  [["version", "20180215175247"]]
  [1m[35m (1.0ms)[0m  [1m[35mCOMMIT[0m
  [1m[36mActiveRecord::InternalMetadata Load (1.0ms)[0m  [1m[34mSELECT  "ar_internal_metadata".* FROM "ar_internal_metadata" WHERE "ar_internal_metadata"."key" = $1 LIMIT $2[0m  [["key", "environment"], ["LIMIT", 1]]
  [1m[35m (0.4ms)[0m  [1m[35mBEGIN[0m
  [1m[35mSQL (0.8ms)[0m  [1m[32mINSERT INTO "ar_internal_metadata" ("key", "value", "created_at", "updated_at") VALUES ($1, $2, $3, $4) RETURNING "key"[0m  [["key", "environment"], ["value", "development"], ["created_at", "2018-02-15 17:53:24.682883"], ["updated_at", "2018-02-15 17:53:24.682883"]]
  [1m[35m (0.5ms)[0m  [1m[35mCOMMIT[0m
  [1m[35m (0.3ms)[0m  [1m[34mSELECT pg_advisory_unlock(3640574263162204935)[0m
  [1m[35m (0.6ms)[0m  [1m[34mSELECT "schema_migrations"."version" FROM "schema_migrations" ORDER BY "schema_migrations"."version" ASC[0m
  [1m[35m (1.4ms)[0m  [1m[34mSELECT "schema_migrations"."version" FROM "schema_migrations" ORDER BY "schema_migrations"."version" ASC[0m
  [1m[35mSQL (1.3ms)[0m  [1m[31mDELETE FROM "physicians"[0m
  [1m[35m (0.7ms)[0m  [1m[35mBEGIN[0m
  [1m[35mSQL (1.3ms)[0m  [1m[32mINSERT INTO "physicians" ("name", "gender", "location", "specialisation", "summary", "created_at", "updated_at") VALUES ($1, $2, $3, $4, $5, $6, $7) RETURNING "id"[0m  [["name", "Angela Walker"], ["gender", "female"], ["location", "Spitalfields Medical Center"], ["specialisation", "Obstetrics and gynaecology"], ["summary", "adlsfjalkflkdsjflajslk"], ["created_at", "2018-02-15 18:05:39.473522"], ["updated_at", "2018-02-15 18:05:39.473522"]]
  [1m[35m (0.7ms)[0m  [1m[35mCOMMIT[0m
  [1m[35m (0.2ms)[0m  [1m[35mBEGIN[0m
  [1m[35mSQL (0.5ms)[0m  [1m[32mINSERT INTO "physicians" ("name", "gender", "location", "specialisation", "summary", "created_at", "updated_at") VALUES ($1, $2, $3, $4, $5, $6, $7) RETURNING "id"[0m  [["name", "Joanna Shaffer"], ["gender", "female"], ["location", "Blackfriars Medical Practice"], ["specialisation", "Psychiatry"], ["summary", "adlsfjalkflkdsjflajslk"], ["created_at", "2018-02-15 18:05:39.478113"], ["updated_at", "2018-02-15 18:05:39.478113"]]
  [1m[35m (0.4ms)[0m  [1m[35mCOMMIT[0m
  [1m[35m (0.2ms)[0m  [1m[35mBEGIN[0m
  [1m[35mSQL (0.5ms)[0m  [1m[32mINSERT INTO "physicians" ("name", "gender", "location", "specialisation", "summary", "created_at", "updated_at") VALUES ($1, $2, $3, $4, $5, $6, $7) RETURNING "id"[0m  [["name", "Dan Brown"], ["gender", "male"], ["location", "Blackfriars Medical Practice"], ["specialisation", "Rheumatology"], ["summary", "adlsfjalkflkdsjflajslk"], ["created_at", "2018-02-15 18:05:39.480853"], ["updated_at", "2018-02-15 18:05:39.480853"]]
  [1m[35m (0.5ms)[0m  [1m[35mCOMMIT[0m
  [1m[35m (0.2ms)[0m  [1m[35mBEGIN[0m
  [1m[35mSQL (0.5ms)[0m  [1m[32mINSERT INTO "physicians" ("name", "gender", "location", "specialisation", "summary", "created_at", "updated_at") VALUES ($1, $2, $3, $4, $5, $6, $7) RETURNING "id"[0m  [["name", "Mathias Little"], ["gender", "male"], ["location", "Whitechapel Health Centre"], ["specialisation", "Psychiatry"], ["summary", "adlsfjalkflkdsjflajslk"], ["created_at", "2018-02-15 18:05:39.483640"], ["updated_at", "2018-02-15 18:05:39.483640"]]
  [1m[35m (0.5ms)[0m  [1m[35mCOMMIT[0m
  [1m[35m (0.3ms)[0m  [1m[35mBEGIN[0m
  [1m[35mSQL (0.5ms)[0m  [1m[32mINSERT INTO "physicians" ("name", "gender", "location", "specialisation", "summary", "created_at", "updated_at") VALUES ($1, $2, $3, $4, $5, $6, $7) RETURNING "id"[0m  [["name", "Thalia Cobb"], ["gender", "female"], ["location", "Spitalfields Medical Center"], ["specialisation", "Paediatrics"], ["summary", "adlsfjalkflkdsjflajslk"], ["created_at", "2018-02-15 18:05:39.486557"], ["updated_at", "2018-02-15 18:05:39.486557"]]
  [1m[35m (0.5ms)[0m  [1m[35mCOMMIT[0m
  [1m[35m (0.2ms)[0m  [1m[35mBEGIN[0m
  [1m[35mSQL (0.5ms)[0m  [1m[32mINSERT INTO "physicians" ("name", "gender", "location", "specialisation", "summary", "created_at", "updated_at") VALUES ($1, $2, $3, $4, $5, $6, $7) RETURNING "id"[0m  [["name", "Abdullah Lang"], ["gender", "male"], ["location", "Whitechapel Health Centre"], ["specialisation", "Obstetrics and gynaecology"], ["summary", "adlsfjalkflkdsjflajslk"], ["created_at", "2018-02-15 18:05:39.489376"], ["updated_at", "2018-02-15 18:05:39.489376"]]
  [1m[35m (0.6ms)[0m  [1m[35mCOMMIT[0m
